00:21:20 : Admin file contains a error. guid tag can not be empty, Location id=0
﻿00:21:20 : Config Error : BeCustomBanFiles : Bans1.txt is not a valid file!
﻿00:21:20 : Config Error : BeCustomBanFiles : file2.txt is not a valid file!
﻿00:21:20 : Config Error : BeCustomBanFiles : file3.txt is not a valid file!
﻿00:21:20 : Config Error : BeCustomBanFiles has no valid files defined!
﻿00:21:35 : Admin file contains a error. guid tag can not be empty, Location id=0
﻿00:21:35 : Config Error : BeCustomBanFiles : Bans1.txt is not a valid file!
﻿00:21:35 : Config Error : BeCustomBanFiles : file2.txt is not a valid file!
﻿00:21:35 : Config Error : BeCustomBanFiles : file3.txt is not a valid file!
﻿00:21:35 : Config Error : BeCustomBanFiles has no valid files defined!
﻿00:21:50 : Admin file contains a error. guid tag can not be empty, Location id=0
﻿00:21:50 : Config Error : BeCustomBanFiles : Bans1.txt is not a valid file!
﻿00:21:50 : Config Error : BeCustomBanFiles : file2.txt is not a valid file!
﻿00:21:50 : Config Error : BeCustomBanFiles : file3.txt is not a valid file!
﻿00:21:50 : Config Error : BeCustomBanFiles has no valid files defined!
﻿00:24:58 : Admin file contains a error. guid tag can not be empty, Location id=0
﻿00:24:58 : Config Error : BeCustomBanFiles : Bans1.txt is not a valid file!
﻿00:24:58 : Config Error : BeCustomBanFiles : file2.txt is not a valid file!
﻿00:24:58 : Config Error : BeCustomBanFiles : file3.txt is not a valid file!
﻿00:24:58 : Config Error : BeCustomBanFiles has no valid files defined!
﻿00:25:13 : Admin file contains a error. guid tag can not be empty, Location id=0
﻿00:25:13 : Config Error : BeCustomBanFiles : Bans1.txt is not a valid file!
﻿00:25:13 : Config Error : BeCustomBanFiles : file2.txt is not a valid file!
﻿00:25:13 : Config Error : BeCustomBanFiles : file3.txt is not a valid file!
﻿00:25:13 : Config Error : BeCustomBanFiles has no valid files defined!
﻿01:22:57 : Admin file contains a error. guid tag can not be empty, Location id=0
﻿01:22:57 : Config Error : BeCustomBanFiles : Bans1.txt is not a valid file!
﻿01:22:57 : Config Error : BeCustomBanFiles : file2.txt is not a valid file!
﻿01:22:57 : Config Error : BeCustomBanFiles : file3.txt is not a valid file!
﻿01:22:57 : Config Error : BeCustomBanFiles has no valid files defined!
﻿01:30:49 : Admin file contains a error. guid tag can not be empty, Location id=0
﻿01:30:49 : Config Error : BeCustomBanFiles : Bans1.txt is not a valid file!
﻿01:30:49 : Config Error : BeCustomBanFiles : file2.txt is not a valid file!
﻿01:30:49 : Config Error : BeCustomBanFiles : file3.txt is not a valid file!
﻿01:30:49 : Config Error : BeCustomBanFiles has no valid files defined!
﻿01:39:28 : Admin file contains a error. guid tag can not be empty, Location id=0
﻿01:39:28 : Config Error : BeCustomBanFiles : Bans1.txt is not a valid file!
﻿01:39:28 : Config Error : BeCustomBanFiles : file2.txt is not a valid file!
﻿01:39:28 : Config Error : BeCustomBanFiles : file3.txt is not a valid file!
﻿01:39:28 : Config Error : BeCustomBanFiles has no valid files defined!
﻿02:32:28 : Admin file contains a error. guid tag can not be empty, Location id=0
﻿02:32:28 : Config Error : BeCustomBanFiles : Bans1.txt is not a valid file!
﻿02:32:28 : Config Error : BeCustomBanFiles : file2.txt is not a valid file!
﻿02:32:28 : Config Error : BeCustomBanFiles : file3.txt is not a valid file!
﻿02:32:28 : Config Error : BeCustomBanFiles has no valid files defined!
﻿02:38:49 : Config Error : BeCustomBanFiles : Bans1.txt is not a valid file!
﻿02:38:49 : Config Error : BeCustomBanFiles : file2.txt is not a valid file!
﻿02:38:49 : Config Error : BeCustomBanFiles : file3.txt is not a valid file!
﻿02:38:49 : Config Error : BeCustomBanFiles has no valid files defined!
﻿02:39:35 : Config Error : BeCustomBanFiles : Bans1.txt is not a valid file!
﻿02:39:35 : Config Error : BeCustomBanFiles : file2.txt is not a valid file!
﻿02:39:35 : Config Error : BeCustomBanFiles : file3.txt is not a valid file!
﻿02:39:35 : Config Error : BeCustomBanFiles has no valid files defined!
﻿02:39:36 : Config Error : BeCustomBanFiles : Bans1.txt is not a valid file!
﻿02:39:36 : Config Error : BeCustomBanFiles : file2.txt is not a valid file!
﻿02:39:36 : Config Error : BeCustomBanFiles : file3.txt is not a valid file!
﻿02:39:36 : Config Error : BeCustomBanFiles has no valid files defined!
﻿02:41:08 : Config Error : BeCustomBanFiles : Bans1.txt is not a valid file!
﻿02:41:08 : Config Error : BeCustomBanFiles : file2.txt is not a valid file!
﻿02:41:08 : Config Error : BeCustomBanFiles : file3.txt is not a valid file!
﻿02:41:08 : Config Error : BeCustomBanFiles has no valid files defined!
﻿20:25:31 : Config Error : BeCustomBanFiles : Bans1.txt is not a valid file!
﻿20:25:31 : Config Error : BeCustomBanFiles : file2.txt is not a valid file!
﻿20:25:31 : Config Error : BeCustomBanFiles : file3.txt is not a valid file!
﻿20:25:31 : Config Error : BeCustomBanFiles has no valid files defined!
﻿20:30:53 : Config Error : BeCustomBanFiles : Bans1.txt is not a valid file!
﻿20:30:53 : Config Error : BeCustomBanFiles : file2.txt is not a valid file!
﻿20:30:53 : Config Error : BeCustomBanFiles : file3.txt is not a valid file!
﻿20:30:53 : Config Error : BeCustomBanFiles has no valid files defined!
